-------------------------------------------------------------------------------
Test set: guru.springframework.sfgdi.SfgDiApplicationTests
-------------------------------------------------------------------------------
Tests run: 1, Failures: 0, Errors: 1, Skipped: 0, Time elapsed: 0.091 s <<< FAILURE! - in guru.springframework.sfgdi.SfgDiApplicationTests
guru.springframework.sfgdi.SfgDiApplicationTests  Time elapsed: 0.091 s  <<< ERROR!
org.springframework.beans.factory.BeanDefinitionStoreException: Failed to read candidate component class: file [/Users/rickfencl/Documents/Samples/Spring/sfg-di-1/target/test-classes/guru/springframework/sfgdi/SfgDiApplicationTests.class]; nested exception is org.springframework.core.NestedIOException: ASM ClassReader failed to parse class file - probably due to a new Java class file version that isn't supported yet: file [/Users/rickfencl/Documents/Samples/Spring/sfg-di-1/target/test-classes/guru/springframework/sfgdi/SfgDiApplicationTests.class]; nested exception is java.lang.IllegalArgumentException: Unsupported class file major version 65
Caused by: org.springframework.core.NestedIOException: ASM ClassReader failed to parse class file - probably due to a new Java class file version that isn't supported yet: file [/Users/rickfencl/Documents/Samples/Spring/sfg-di-1/target/test-classes/guru/springframework/sfgdi/SfgDiApplicationTests.class]; nested exception is java.lang.IllegalArgumentException: Unsupported class file major version 65
Caused by: java.lang.IllegalArgumentException: Unsupported class file major version 65

