<?xml version="1.0" encoding="UTF-8"?>
<testsuite xmlns:xsi="http://www.w3.org/2001/XMLSchema-instance" xsi:noNamespaceSchemaLocation="https://maven.apache.org/surefire/maven-surefire-plugin/xsd/surefire-test-report.xsd" name="guru.springframework.sfgdi.SfgDiApplicationTests" time="0.091" tests="1" errors="1" skipped="0" failures="0">
  <properties>
[...]
</properties>
  <testcase name="guru.springframework.sfgdi.SfgDiApplicationTests" classname="guru.springframework.sfgdi.SfgDiApplicationTests" time="0.091">
    <error message="Failed to read candidate component class: file [/Users/rickfencl/Documents/Samples/Spring/sfg-di-1/target/test-classes/guru/springframework/sfgdi/SfgDiApplicationTests.class]; nested exception is org.springframework.core.NestedIOException: ASM ClassReader failed to parse class file - probably due to a new Java class file version that isn&apos;t supported yet: file [/Users/rickfencl/Documents/Samples/Spring/sfg-di-1/target/test-classes/guru/springframework/sfgdi/SfgDiApplicationTests.class]; nested exception is java.lang.IllegalArgumentException: Unsupported class file major version 65" type="org.springframework.beans.factory.BeanDefinitionStoreException">org.springframework.beans.factory.BeanDefinitionStoreException: Failed to read candidate component class: file [/Users/rickfencl/Documents/Samples/Spring/sfg-di-1/target/test-classes/guru/springframework/sfgdi/SfgDiApplicationTests.class]; nested exception is org.springframework.core.NestedIOException: ASM ClassReader failed to parse class file - probably due to a new Java class file version that isn't supported yet: file [/Users/rickfencl/Documents/Samples/Spring/sfg-di-1/target/test-classes/guru/springframework/sfgdi/SfgDiApplicationTests.class]; nested exception is java.lang.IllegalArgumentException: Unsupported class file major version 65
Caused by: org.springframework.core.NestedIOException: ASM ClassReader failed to parse class file - probably due to a new Java class file version that isn't supported yet: file [/Users/rickfencl/Documents/Samples/Spring/sfg-di-1/target/test-classes/guru/springframework/sfgdi/SfgDiApplicationTests.class]; nested exception is java.lang.IllegalArgumentException: Unsupported class file major version 65
Caused by: java.lang.IllegalArgumentException: Unsupported class file major version 65
</error>
    <system-out><![CDATA[21:16:37.137 [main] DEBUG org.springframework.test.context.BootstrapUtils - Instantiating CacheAwareContextLoaderDelegate from class [org.springframework.test.context.cache.DefaultCacheAwareContextLoaderDelegate]
21:16:37.142 [main] DEBUG org.springframework.test.context.BootstrapUtils - Instantiating BootstrapContext using constructor [public org.springframework.test.context.support.DefaultBootstrapContext(java.lang.Class,org.springframework.test.context.CacheAwareContextLoaderDelegate)]
21:16:37.156 [main] DEBUG org.springframework.test.context.BootstrapUtils - Instantiating TestContextBootstrapper for test class [guru.springframework.sfgdi.SfgDiApplicationTests] from class [org.springframework.boot.test.context.SpringBootTestContextBootstrapper]
21:16:37.161 [main] INFO org.springframework.boot.test.context.SpringBootTestContextBootstrapper - Neither @ContextConfiguration nor @ContextHierarchy found for test class [guru.springframework.sfgdi.SfgDiApplicationTests], using SpringBootContextLoader
21:16:37.163 [main] DEBUG org.springframework.test.context.support.AbstractContextLoader - Did not detect default resource location for test class [guru.springframework.sfgdi.SfgDiApplicationTests]: class path resource [guru/springframework/sfgdi/SfgDiApplicationTests-context.xml] does not exist
21:16:37.163 [main] DEBUG org.springframework.test.context.support.AbstractContextLoader - Did not detect default resource location for test class [guru.springframework.sfgdi.SfgDiApplicationTests]: class path resource [guru/springframework/sfgdi/SfgDiApplicationTestsContext.groovy] does not exist
21:16:37.163 [main] INFO org.springframework.test.context.support.AbstractContextLoader - Could not detect default resource locations for test class [guru.springframework.sfgdi.SfgDiApplicationTests]: no resource found for suffixes {-context.xml, Context.groovy}.
21:16:37.163 [main] INFO org.springframework.test.context.support.AnnotationConfigContextLoaderUtils - Could not detect default configuration classes for test class [guru.springframework.sfgdi.SfgDiApplicationTests]: SfgDiApplicationTests does not declare any static, non-private, non-final, nested classes annotated with @Configuration.
21:16:37.174 [main] DEBUG org.springframework.test.context.support.ActiveProfilesUtils - Could not find an 'annotation declaring class' for annotation type [org.springframework.test.context.ActiveProfiles] and class [guru.springframework.sfgdi.SfgDiApplicationTests]
21:16:37.186 [main] DEBUG org.springframework.test.context.BootstrapUtils - Instantiating CacheAwareContextLoaderDelegate from class [org.springframework.test.context.cache.DefaultCacheAwareContextLoaderDelegate]
21:16:37.186 [main] DEBUG org.springframework.test.context.BootstrapUtils - Instantiating BootstrapContext using constructor [public org.springframework.test.context.support.DefaultBootstrapContext(java.lang.Class,org.springframework.test.context.CacheAwareContextLoaderDelegate)]
21:16:37.187 [main] DEBUG org.springframework.test.context.BootstrapUtils - Instantiating TestContextBootstrapper for test class [guru.springframework.sfgdi.SfgDiApplicationTests] from class [org.springframework.boot.test.context.SpringBootTestContextBootstrapper]
21:16:37.187 [main] INFO org.springframework.boot.test.context.SpringBootTestContextBootstrapper - Neither @ContextConfiguration nor @ContextHierarchy found for test class [guru.springframework.sfgdi.SfgDiApplicationTests], using SpringBootContextLoader
21:16:37.187 [main] DEBUG org.springframework.test.context.support.AbstractContextLoader - Did not detect default resource location for test class [guru.springframework.sfgdi.SfgDiApplicationTests]: class path resource [guru/springframework/sfgdi/SfgDiApplicationTests-context.xml] does not exist
21:16:37.187 [main] DEBUG org.springframework.test.context.support.AbstractContextLoader - Did not detect default resource location for test class [guru.springframework.sfgdi.SfgDiApplicationTests]: class path resource [guru/springframework/sfgdi/SfgDiApplicationTestsContext.groovy] does not exist
21:16:37.187 [main] INFO org.springframework.test.context.support.AbstractContextLoader - Could not detect default resource locations for test class [guru.springframework.sfgdi.SfgDiApplicationTests]: no resource found for suffixes {-context.xml, Context.groovy}.
21:16:37.187 [main] INFO org.springframework.test.context.support.AnnotationConfigContextLoaderUtils - Could not detect default configuration classes for test class [guru.springframework.sfgdi.SfgDiApplicationTests]: SfgDiApplicationTests does not declare any static, non-private, non-final, nested classes annotated with @Configuration.
21:16:37.188 [main] DEBUG org.springframework.test.context.support.ActiveProfilesUtils - Could not find an 'annotation declaring class' for annotation type [org.springframework.test.context.ActiveProfiles] and class [guru.springframework.sfgdi.SfgDiApplicationTests]
21:16:37.189 [main] DEBUG org.springframework.test.context.BootstrapUtils - Instantiating CacheAwareContextLoaderDelegate from class [org.springframework.test.context.cache.DefaultCacheAwareContextLoaderDelegate]
21:16:37.189 [main] DEBUG org.springframework.test.context.BootstrapUtils - Instantiating BootstrapContext using constructor [public org.springframework.test.context.support.DefaultBootstrapContext(java.lang.Class,org.springframework.test.context.CacheAwareContextLoaderDelegate)]
21:16:37.189 [main] DEBUG org.springframework.test.context.BootstrapUtils - Instantiating TestContextBootstrapper for test class [guru.springframework.sfgdi.SfgDiApplicationTests] from class [org.springframework.boot.test.context.SpringBootTestContextBootstrapper]
21:16:37.190 [main] INFO org.springframework.boot.test.context.SpringBootTestContextBootstrapper - Neither @ContextConfiguration nor @ContextHierarchy found for test class [guru.springframework.sfgdi.SfgDiApplicationTests], using SpringBootContextLoader
21:16:37.190 [main] DEBUG org.springframework.test.context.support.AbstractContextLoader - Did not detect default resource location for test class [guru.springframework.sfgdi.SfgDiApplicationTests]: class path resource [guru/springframework/sfgdi/SfgDiApplicationTests-context.xml] does not exist
21:16:37.190 [main] DEBUG org.springframework.test.context.support.AbstractContextLoader - Did not detect default resource location for test class [guru.springframework.sfgdi.SfgDiApplicationTests]: class path resource [guru/springframework/sfgdi/SfgDiApplicationTestsContext.groovy] does not exist
21:16:37.190 [main] INFO org.springframework.test.context.support.AbstractContextLoader - Could not detect default resource locations for test class [guru.springframework.sfgdi.SfgDiApplicationTests]: no resource found for suffixes {-context.xml, Context.groovy}.
21:16:37.190 [main] INFO org.springframework.test.context.support.AnnotationConfigContextLoaderUtils - Could not detect default configuration classes for test class [guru.springframework.sfgdi.SfgDiApplicationTests]: SfgDiApplicationTests does not declare any static, non-private, non-final, nested classes annotated with @Configuration.
21:16:37.190 [main] DEBUG org.springframework.test.context.support.ActiveProfilesUtils - Could not find an 'annotation declaring class' for annotation type [org.springframework.test.context.ActiveProfiles] and class [guru.springframework.sfgdi.SfgDiApplicationTests]
]]></system-out>
  </testcase>
</testsuite>